This file contains any messages produced by compilers while
running configure, to aid debugging if configure makes a mistake.

It was created by configure, which was
generated by GNU Autoconf 2.61.  Invocation command line was

  $ ./configure 

## --------- ##
## Platform. ##
## --------- ##

hostname = ubuntu-ideapad
uname -m = x86_64
uname -r = 5.15.0-58-generic
uname -s = Linux
uname -v = #64~20.04.1-Ubuntu SMP Fri Jan 6 16:42:31 UTC 2023

/usr/bin/uname -p = x86_64
/bin/uname -X     = unknown

/bin/arch              = x86_64
/usr/bin/arch -k       = unknown
/usr/convex/getsysinfo = unknown
/usr/bin/hostinfo      = unknown
/bin/machine           = unknown
/usr/bin/oslevel       = unknown
/bin/universe          = unknown

PATH: /home/bernizhel/.local/share/pnpm
PATH: /home/bernizhel/.local/bin
PATH: /home/bernizhel/.local/share/pnpm
PATH: /home/bernizhel/.local/bin
PATH: /usr/local/sbin
PATH: /usr/local/bin
PATH: /usr/sbin
PATH: /usr/bin
PATH: /sbin
PATH: /bin
PATH: /usr/games
PATH: /usr/local/games
PATH: /snap/bin
PATH: /home/bernizhel/.dotnet/tools
PATH: /home/bernizhel/.local/share/JetBrains/Toolbox/scripts
PATH: /home/bernizhel/.local/share/JetBrains/Toolbox/scripts


## ----------- ##
## Core tests. ##
## ----------- ##

configure:1732: checking build system type
configure:1750: result: x86_64-unknown-linux-gnu
configure:1772: checking host system type
configure:1787: result: x86_64-unknown-linux-gnu
configure:1869: checking for gcc
configure:1885: found /usr/bin/gcc
configure:1896: result: gcc
configure:2134: checking for C compiler version
configure:2141: gcc --version >&5
gcc (Ubuntu 9.4.0-1ubuntu1~20.04.1) 9.4.0
Copyright (C) 2019 Free Software Foundation, Inc.
This is free software; see the source for copying conditions.  There is NO
warranty; not even for MERCHANTABILITY or FITNESS FOR A PARTICULAR PURPOSE.

configure:2144: $? = 0
configure:2151: gcc -v >&5
Using built-in specs.
COLLECT_GCC=gcc
COLLECT_LTO_WRAPPER=/usr/lib/gcc/x86_64-linux-gnu/9/lto-wrapper
OFFLOAD_TARGET_NAMES=nvptx-none:hsa
OFFLOAD_TARGET_DEFAULT=1
Target: x86_64-linux-gnu
Configured with: ../src/configure -v --with-pkgversion='Ubuntu 9.4.0-1ubuntu1~20.04.1' --with-bugurl=file:///usr/share/doc/gcc-9/README.Bugs --enable-languages=c,ada,c++,go,brig,d,fortran,objc,obj-c++,gm2 --prefix=/usr --with-gcc-major-version-only --program-suffix=-9 --program-prefix=x86_64-linux-gnu- --enable-shared --enable-linker-build-id --libexecdir=/usr/lib --without-included-gettext --enable-threads=posix --libdir=/usr/lib --enable-nls --enable-clocale=gnu --enable-libstdcxx-debug --enable-libstdcxx-time=yes --with-default-libstdcxx-abi=new --enable-gnu-unique-object --disable-vtable-verify --enable-plugin --enable-default-pie --with-system-zlib --with-target-system-zlib=auto --enable-objc-gc=auto --enable-multiarch --disable-werror --with-arch-32=i686 --with-abi=m64 --with-multilib-list=m32,m64,mx32 --enable-multilib --with-tune=generic --enable-offload-targets=nvptx-none=/build/gcc-9-Av3uEd/gcc-9-9.4.0/debian/tmp-nvptx/usr,hsa --without-cuda-driver --enable-checking=release --build=x86_64-linux-gnu --host=x86_64-linux-gnu --target=x86_64-linux-gnu
Thread model: posix
gcc version 9.4.0 (Ubuntu 9.4.0-1ubuntu1~20.04.1) 
configure:2154: $? = 0
configure:2161: gcc -V >&5
gcc: error: unrecognized command line option '-V'
gcc: fatal error: no input files
compilation terminated.
configure:2164: $? = 1
configure:2187: checking for C compiler default output file name
configure:2214: gcc    conftest.c  >&5
configure:2217: $? = 0
configure:2255: result: a.out
configure:2272: checking whether the C compiler works
configure:2282: ./a.out
configure:2285: $? = 0
configure:2302: result: yes
configure:2309: checking whether we are cross compiling
configure:2311: result: no
configure:2314: checking for suffix of executables
configure:2321: gcc -o conftest    conftest.c  >&5
configure:2324: $? = 0
configure:2348: result: 
configure:2354: checking for suffix of object files
configure:2380: gcc -c   conftest.c >&5
configure:2383: $? = 0
configure:2406: result: o
configure:2410: checking whether we are using the GNU C compiler
configure:2439: gcc -c   conftest.c >&5
configure:2445: $? = 0
configure:2462: result: yes
configure:2467: checking whether gcc accepts -g
configure:2497: gcc -c -g  conftest.c >&5
configure:2503: $? = 0
configure:2602: result: yes
configure:2619: checking for gcc option to accept ISO C89
configure:2693: gcc  -c -g -O2  conftest.c >&5
configure:2699: $? = 0
configure:2722: result: none needed
configure:2771: checking for a BSD-compatible install
configure:2827: result: /usr/bin/install -c
configure:2843: checking for strerror
configure:2899: gcc -o conftest -g -O2 -pipe -Wno-unused -Wshadow -Wbad-function-cast -Wmissing-prototypes -Wstrict-prototypes -Wcast-align -Wcast-qual -Wpointer-arith -Wcast-align -Wwrite-strings -Wmissing-declarations -Wnested-externs -Wundef -pedantic -fno-common   -g conftest.c  >&5
conftest.c:31:1: warning: function declaration isn't a prototype [-Wstrict-prototypes]
   31 | char strerror ();
      | ^~~~
conftest.c:40:1: warning: function declaration isn't a prototype [-Wstrict-prototypes]
   40 | main ()
      | ^~~~
configure:2905: $? = 0
configure:2923: result: yes
configure:2933: checking for library containing regcomp
configure:2974: gcc -o conftest -g -O2 -pipe -Wno-unused -Wshadow -Wbad-function-cast -Wmissing-prototypes -Wstrict-prototypes -Wcast-align -Wcast-qual -Wpointer-arith -Wcast-align -Wwrite-strings -Wmissing-declarations -Wnested-externs -Wundef -pedantic -fno-common   -g conftest.c  >&5
conftest.c:16:1: warning: function declaration isn't a prototype [-Wstrict-prototypes]
   16 | char regcomp ();
      | ^~~~
conftest.c:18:1: warning: function declaration isn't a prototype [-Wstrict-prototypes]
   18 | main ()
      | ^~~~
configure:2980: $? = 0
configure:3008: result: none required
configure:3017: checking for broken realloc
configure:3055: gcc -o conftest -g -O2 -pipe -Wno-unused -Wshadow -Wbad-function-cast -Wmissing-prototypes -Wstrict-prototypes -Wcast-align -Wcast-qual -Wpointer-arith -Wcast-align -Wwrite-strings -Wmissing-declarations -Wnested-externs -Wundef -pedantic -fno-common   -g conftest.c  >&5
conftest.c: In function 'main':
conftest.c:21:3: warning: ignoring return value of 'realloc', declared with attribute warn_unused_result [-Wunused-result]
   21 |   realloc((void*)0,1);
      |   ^~~~~~~~~~~~~~~~~~~
configure:3058: $? = 0
configure:3064: ./conftest
configure:3067: $? = 0
configure:3069: result: no
configure:3091: checking for msgfmt
configure:3107: found /usr/bin/msgfmt
configure:3119: result: yes
configure:3134: checking how to run the C preprocessor
configure:3174: gcc -E  conftest.c
configure:3180: $? = 0
configure:3211: gcc -E  conftest.c
conftest.c:9:10: fatal error: ac_nonexistent.h: No such file or directory
    9 | #include <ac_nonexistent.h>
      |          ^~~~~~~~~~~~~~~~~~
compilation terminated.
configure:3217: $? = 1
configure: failed program was:
| /* confdefs.h.  */
| #define PACKAGE_NAME ""
| #define PACKAGE_TARNAME ""
| #define PACKAGE_VERSION ""
| #define PACKAGE_STRING ""
| #define PACKAGE_BUGREPORT ""
| #define HAVE_STRERROR 1
| /* end confdefs.h.  */
| #include <ac_nonexistent.h>
configure:3250: result: gcc -E
configure:3279: gcc -E  conftest.c
configure:3285: $? = 0
configure:3316: gcc -E  conftest.c
conftest.c:9:10: fatal error: ac_nonexistent.h: No such file or directory
    9 | #include <ac_nonexistent.h>
      |          ^~~~~~~~~~~~~~~~~~
compilation terminated.
configure:3322: $? = 1
configure: failed program was:
| /* confdefs.h.  */
| #define PACKAGE_NAME ""
| #define PACKAGE_TARNAME ""
| #define PACKAGE_VERSION ""
| #define PACKAGE_STRING ""
| #define PACKAGE_BUGREPORT ""
| #define HAVE_STRERROR 1
| /* end confdefs.h.  */
| #include <ac_nonexistent.h>
configure:3360: checking for grep that handles long lines and -e
configure:3434: result: /usr/bin/grep
configure:3439: checking for egrep
configure:3517: result: /usr/bin/grep -E
configure:3522: checking for ANSI C header files
configure:3552: gcc -c -g -O2 -pipe -Wno-unused -Wshadow -Wbad-function-cast -Wmissing-prototypes -Wstrict-prototypes -Wcast-align -Wcast-qual -Wpointer-arith -Wcast-align -Wwrite-strings -Wmissing-declarations -Wnested-externs -Wundef -pedantic -fno-common  conftest.c >&5
conftest.c:15:1: warning: function declaration isn't a prototype [-Wstrict-prototypes]
   15 | main ()
      | ^~~~
configure:3558: $? = 0
configure:3657: gcc -o conftest -g -O2 -pipe -Wno-unused -Wshadow -Wbad-function-cast -Wmissing-prototypes -Wstrict-prototypes -Wcast-align -Wcast-qual -Wpointer-arith -Wcast-align -Wwrite-strings -Wmissing-declarations -Wnested-externs -Wundef -pedantic -fno-common   -g conftest.c  >&5
conftest.c:21:1: warning: function declaration isn't a prototype [-Wstrict-prototypes]
   21 | main ()
      | ^~~~
configure:3660: $? = 0
configure:3666: ./conftest
configure:3669: $? = 0
configure:3686: result: yes
configure:3710: checking for sys/types.h
configure:3731: gcc -c -g -O2 -pipe -Wno-unused -Wshadow -Wbad-function-cast -Wmissing-prototypes -Wstrict-prototypes -Wcast-align -Wcast-qual -Wpointer-arith -Wcast-align -Wwrite-strings -Wmissing-declarations -Wnested-externs -Wundef -pedantic -fno-common  conftest.c >&5
configure:3737: $? = 0
configure:3753: result: yes
configure:3710: checking for sys/stat.h
configure:3731: gcc -c -g -O2 -pipe -Wno-unused -Wshadow -Wbad-function-cast -Wmissing-prototypes -Wstrict-prototypes -Wcast-align -Wcast-qual -Wpointer-arith -Wcast-align -Wwrite-strings -Wmissing-declarations -Wnested-externs -Wundef -pedantic -fno-common  conftest.c >&5
configure:3737: $? = 0
configure:3753: result: yes
configure:3710: checking for stdlib.h
configure:3731: gcc -c -g -O2 -pipe -Wno-unused -Wshadow -Wbad-function-cast -Wmissing-prototypes -Wstrict-prototypes -Wcast-align -Wcast-qual -Wpointer-arith -Wcast-align -Wwrite-strings -Wmissing-declarations -Wnested-externs -Wundef -pedantic -fno-common  conftest.c >&5
configure:3737: $? = 0
configure:3753: result: yes
configure:3710: checking for string.h
configure:3731: gcc -c -g -O2 -pipe -Wno-unused -Wshadow -Wbad-function-cast -Wmissing-prototypes -Wstrict-prototypes -Wcast-align -Wcast-qual -Wpointer-arith -Wcast-align -Wwrite-strings -Wmissing-declarations -Wnested-externs -Wundef -pedantic -fno-common  conftest.c >&5
configure:3737: $? = 0
configure:3753: result: yes
configure:3710: checking for memory.h
configure:3731: gcc -c -g -O2 -pipe -Wno-unused -Wshadow -Wbad-function-cast -Wmissing-prototypes -Wstrict-prototypes -Wcast-align -Wcast-qual -Wpointer-arith -Wcast-align -Wwrite-strings -Wmissing-declarations -Wnested-externs -Wundef -pedantic -fno-common  conftest.c >&5
configure:3737: $? = 0
configure:3753: result: yes
configure:3710: checking for strings.h
configure:3731: gcc -c -g -O2 -pipe -Wno-unused -Wshadow -Wbad-function-cast -Wmissing-prototypes -Wstrict-prototypes -Wcast-align -Wcast-qual -Wpointer-arith -Wcast-align -Wwrite-strings -Wmissing-declarations -Wnested-externs -Wundef -pedantic -fno-common  conftest.c >&5
configure:3737: $? = 0
configure:3753: result: yes
configure:3710: checking for inttypes.h
configure:3731: gcc -c -g -O2 -pipe -Wno-unused -Wshadow -Wbad-function-cast -Wmissing-prototypes -Wstrict-prototypes -Wcast-align -Wcast-qual -Wpointer-arith -Wcast-align -Wwrite-strings -Wmissing-declarations -Wnested-externs -Wundef -pedantic -fno-common  conftest.c >&5
configure:3737: $? = 0
configure:3753: result: yes
configure:3710: checking for stdint.h
configure:3731: gcc -c -g -O2 -pipe -Wno-unused -Wshadow -Wbad-function-cast -Wmissing-prototypes -Wstrict-prototypes -Wcast-align -Wcast-qual -Wpointer-arith -Wcast-align -Wwrite-strings -Wmissing-declarations -Wnested-externs -Wundef -pedantic -fno-common  conftest.c >&5
configure:3737: $? = 0
configure:3753: result: yes
configure:3710: checking for unistd.h
configure:3731: gcc -c -g -O2 -pipe -Wno-unused -Wshadow -Wbad-function-cast -Wmissing-prototypes -Wstrict-prototypes -Wcast-align -Wcast-qual -Wpointer-arith -Wcast-align -Wwrite-strings -Wmissing-declarations -Wnested-externs -Wundef -pedantic -fno-common  conftest.c >&5
configure:3737: $? = 0
configure:3753: result: yes
configure:3780: checking libintl.h usability
configure:3797: gcc -c -g -O2 -pipe -Wno-unused -Wshadow -Wbad-function-cast -Wmissing-prototypes -Wstrict-prototypes -Wcast-align -Wcast-qual -Wpointer-arith -Wcast-align -Wwrite-strings -Wmissing-declarations -Wnested-externs -Wundef -pedantic -fno-common  conftest.c >&5
configure:3803: $? = 0
configure:3817: result: yes
configure:3821: checking libintl.h presence
configure:3836: gcc -E  conftest.c
configure:3842: $? = 0
configure:3856: result: yes
configure:3884: checking for libintl.h
configure:3892: result: yes
configure:3907: checking for library containing gettext
configure:3948: gcc -o conftest -g -O2 -pipe -Wno-unused -Wshadow -Wbad-function-cast -Wmissing-prototypes -Wstrict-prototypes -Wcast-align -Wcast-qual -Wpointer-arith -Wcast-align -Wwrite-strings -Wmissing-declarations -Wnested-externs -Wundef -pedantic -fno-common   -g conftest.c  >&5
conftest.c:27:1: warning: function declaration isn't a prototype [-Wstrict-prototypes]
   27 | char gettext ();
      | ^~~~
conftest.c:27:6: warning: conflicting types for built-in function 'gettext'; expected 'char *(const char *)' [-Wbuiltin-declaration-mismatch]
   27 | char gettext ();
      |      ^~~~~~~
conftest.c:29:1: warning: function declaration isn't a prototype [-Wstrict-prototypes]
   29 | main ()
      | ^~~~
configure:3954: $? = 0
configure:3982: result: none required
configure:4099: creating ./config.status

## ---------------------- ##
## Running config.status. ##
## ---------------------- ##

This file was extended by config.status, which was
generated by GNU Autoconf 2.61.  Invocation command line was

  CONFIG_FILES    = 
  CONFIG_HEADERS  = 
  CONFIG_LINKS    = 
  CONFIG_COMMANDS = 
  $ ./config.status 

on ubuntu-ideapad

config.status:614: creating Makefile
config.status:614: creating diction.1
config.status:614: creating diction.texi
config.status:614: creating diction.spec
config.status:614: creating style.1
config.status:614: creating test/rundiction
config.status:614: creating config.h

## ---------------- ##
## Cache variables. ##
## ---------------- ##

ac_cv_build=x86_64-unknown-linux-gnu
ac_cv_c_compiler_gnu=yes
ac_cv_env_CC_set=
ac_cv_env_CC_value=
ac_cv_env_CFLAGS_set=
ac_cv_env_CFLAGS_value=
ac_cv_env_CPPFLAGS_set=
ac_cv_env_CPPFLAGS_value=
ac_cv_env_CPP_set=
ac_cv_env_CPP_value=
ac_cv_env_LDFLAGS_set=
ac_cv_env_LDFLAGS_value=
ac_cv_env_LIBS_set=
ac_cv_env_LIBS_value=
ac_cv_env_build_alias_set=
ac_cv_env_build_alias_value=
ac_cv_env_host_alias_set=
ac_cv_env_host_alias_value=
ac_cv_env_target_alias_set=
ac_cv_env_target_alias_value=
ac_cv_func_strerror=yes
ac_cv_header_inttypes_h=yes
ac_cv_header_libintl_h=yes
ac_cv_header_memory_h=yes
ac_cv_header_stdc=yes
ac_cv_header_stdint_h=yes
ac_cv_header_stdlib_h=yes
ac_cv_header_string_h=yes
ac_cv_header_strings_h=yes
ac_cv_header_sys_stat_h=yes
ac_cv_header_sys_types_h=yes
ac_cv_header_unistd_h=yes
ac_cv_host=x86_64-unknown-linux-gnu
ac_cv_objext=o
ac_cv_path_EGREP='/usr/bin/grep -E'
ac_cv_path_GREP=/usr/bin/grep
ac_cv_path_install='/usr/bin/install -c'
ac_cv_prog_CPP='gcc -E'
ac_cv_prog_MSGFMT=yes
ac_cv_prog_ac_ct_CC=gcc
ac_cv_prog_cc_c89=
ac_cv_prog_cc_g=yes
ac_cv_search_gettext='none required'
ac_cv_search_regcomp='none required'

## ----------------- ##
## Output variables. ##
## ----------------- ##

CC='gcc'
CFLAGS='-g -O2 -pipe -Wno-unused -Wshadow -Wbad-function-cast -Wmissing-prototypes -Wstrict-prototypes -Wcast-align -Wcast-qual -Wpointer-arith -Wcast-align -Wwrite-strings -Wmissing-declarations -Wnested-externs -Wundef -pedantic -fno-common'
CPP='gcc -E'
CPPFLAGS=''
DATADIR='${prefix}/share'
DEFS='-DHAVE_CONFIG_H'
ECHO_C=''
ECHO_N='-n'
ECHO_T=''
EGREP='/usr/bin/grep -E'
EXEEXT=''
GREP='/usr/bin/grep'
INSTALL_DATA='${INSTALL} -m 644'
INSTALL_PROGRAM='${INSTALL}'
INSTALL_SCRIPT='${INSTALL}'
LDFLAGS=' -g'
LIBOBJS=''
LIBS=''
LTLIBOBJS=''
MSGFMT='yes'
OBJEXT='o'
PACKAGE_BUGREPORT=''
PACKAGE_NAME=''
PACKAGE_STRING=''
PACKAGE_TARNAME=''
PACKAGE_VERSION=''
PATH_SEPARATOR=':'
SHELL='/bin/bash'
UPDATED='August 30th, 2007'
USE_NLS='yes'
VALGRIND=''
VERSION='1.11'
ac_ct_CC='gcc'
bindir='${exec_prefix}/bin'
build='x86_64-unknown-linux-gnu'
build_alias=''
build_cpu='x86_64'
build_os='linux-gnu'
build_vendor='unknown'
datadir='${datarootdir}'
datarootdir='${prefix}/share'
docdir='${datarootdir}/doc/${PACKAGE}'
dvidir='${docdir}'
exec_prefix='${prefix}'
host='x86_64-unknown-linux-gnu'
host_alias=''
host_cpu='x86_64'
host_os='linux-gnu'
host_vendor='unknown'
htmldir='${docdir}'
includedir='${prefix}/include'
infodir='${datarootdir}/info'
libdir='${exec_prefix}/lib'
libexecdir='${exec_prefix}/libexec'
localedir='${datarootdir}/locale'
localstatedir='${prefix}/var'
mandir='${datarootdir}/man'
oldincludedir='/usr/include'
pdfdir='${docdir}'
prefix='/usr/local'
program_transform_name='s,x,x,'
psdir='${docdir}'
sbindir='${exec_prefix}/sbin'
sharedstatedir='${prefix}/com'
sysconfdir='${prefix}/etc'
target_alias=''

## ----------- ##
## confdefs.h. ##
## ----------- ##

#define PACKAGE_NAME ""
#define PACKAGE_TARNAME ""
#define PACKAGE_VERSION ""
#define PACKAGE_STRING ""
#define PACKAGE_BUGREPORT ""
#define HAVE_STRERROR 1
#define STDC_HEADERS 1
#define HAVE_SYS_TYPES_H 1
#define HAVE_SYS_STAT_H 1
#define HAVE_STDLIB_H 1
#define HAVE_STRING_H 1
#define HAVE_MEMORY_H 1
#define HAVE_STRINGS_H 1
#define HAVE_INTTYPES_H 1
#define HAVE_STDINT_H 1
#define HAVE_UNISTD_H 1
#define HAVE_LIBINTL_H 1
#define HAVE_GETTEXT 1
#define VERSION "1.11"

configure: exit 0
